2019-12-14 00:22:52.211  WARN 7732 --- [HikariPool-1 housekeeper] com.zaxxer.hikari.pool.HikariPool        : HikariPool-1 - Thread starvation or clock leap detected (housekeeper delta=1m28s640ms715µs473ns).
2019-12-14 00:25:06.072  INFO 7732 --- [http-nio-8080-exec-1] o.a.c.c.C.[Tomcat].[localhost].[/]       : Initializing Spring DispatcherServlet 'dispatcherServlet'
2019-12-14 00:25:06.073  INFO 7732 --- [http-nio-8080-exec-1] o.s.web.servlet.DispatcherServlet        : Initializing Servlet 'dispatcherServlet'
2019-12-14 00:25:06.085  INFO 7732 --- [http-nio-8080-exec-1] o.s.web.servlet.DispatcherServlet        : Completed initialization in 12 ms
2019-12-14 00:25:06.251  INFO 7732 --- [http-nio-8080-exec-1] c.e.demo.controllers.UserController      : User name set with shashank
2019-12-14 00:25:06.444  INFO 7732 --- [http-nio-8080-exec-1] c.e.demo.controllers.UserController      : User shashank is successfully created
2019-12-14 00:26:51.083  INFO 7732 --- [http-nio-8080-exec-3] c.e.demo.controllers.UserController      : User name set with shashank
2019-12-14 00:26:51.170  WARN 7732 --- [http-nio-8080-exec-3] o.h.engine.jdbc.spi.SqlExceptionHelper   : SQL Error: 23505, SQLState: 23505
2019-12-14 00:26:51.170 ERROR 7732 --- [http-nio-8080-exec-3] o.h.engine.jdbc.spi.SqlExceptionHelper   : Unique index or primary key violation: "PUBLIC.UK_SB8BBOUER5WAK8VYIIY4PF2BX_INDEX_2 ON PUBLIC.USER(USERNAME) VALUES 1"; SQL statement:
insert into user (id, cart_id, password, username) values (null, ?, ?, ?) [23505-199]
2019-12-14 00:26:51.186 ERROR 7732 --- [http-nio-8080-exec-3] o.a.c.c.C.[.[.[/].[dispatcherServlet]    : Servlet.service() for servlet [dispatcherServlet] in context with path [] threw exception [Request processing failed; nested exception is org.springframework.dao.DataIntegrityViolationException: could not execute statement; SQL [n/a]; constraint ["PUBLIC.UK_SB8BBOUER5WAK8VYIIY4PF2BX_INDEX_2 ON PUBLIC.USER(USERNAME) VALUES 1"; SQL statement:
insert into user (id, cart_id, password, username) values (null, ?, ?, ?) [23505-199]]; nested exception is org.hibernate.exception.ConstraintViolationException: could not execute statement] with root cause

org.h2.jdbc.JdbcSQLIntegrityConstraintViolationException: Unique index or primary key violation: "PUBLIC.UK_SB8BBOUER5WAK8VYIIY4PF2BX_INDEX_2 ON PUBLIC.USER(USERNAME) VALUES 1"; SQL statement:
insert into user (id, cart_id, password, username) values (null, ?, ?, ?) [23505-199]
	at org.h2.message.DbException.getJdbcSQLException(DbException.java:457) ~[h2-1.4.199.jar:1.4.199]
	at org.h2.message.DbException.getJdbcSQLException(DbException.java:427) ~[h2-1.4.199.jar:1.4.199]
	at org.h2.message.DbException.get(DbException.java:205) ~[h2-1.4.199.jar:1.4.199]
	at org.h2.message.DbException.get(DbException.java:181) ~[h2-1.4.199.jar:1.4.199]
	at org.h2.index.BaseIndex.getDuplicateKeyException(BaseIndex.java:103) ~[h2-1.4.199.jar:1.4.199]
	at org.h2.mvstore.db.MVSecondaryIndex.checkUnique(MVSecondaryIndex.java:220) ~[h2-1.4.199.jar:1.4.199]
	at org.h2.mvstore.db.MVSecondaryIndex.add(MVSecondaryIndex.java:196) ~[h2-1.4.199.jar:1.4.199]
	at org.h2.mvstore.db.MVTable.addRow(MVTable.java:546) ~[h2-1.4.199.jar:1.4.199]
	at org.h2.command.dml.Insert.insertRows(Insert.java:180) ~[h2-1.4.199.jar:1.4.199]
	at org.h2.command.dml.Insert.update(Insert.java:132) ~[h2-1.4.199.jar:1.4.199]
	at org.h2.command.CommandContainer.update(CommandContainer.java:133) ~[h2-1.4.199.jar:1.4.199]
	at org.h2.command.Command.executeUpdate(Command.java:267) ~[h2-1.4.199.jar:1.4.199]
	at org.h2.jdbc.JdbcPreparedStatement.executeUpdateInternal(JdbcPreparedStatement.java:200) ~[h2-1.4.199.jar:1.4.199]
	at org.h2.jdbc.JdbcPreparedStatement.executeUpdate(JdbcPreparedStatement.java:154) ~[h2-1.4.199.jar:1.4.199]
	at com.zaxxer.hikari.pool.ProxyPreparedStatement.executeUpdate(ProxyPreparedStatement.java:61) ~[HikariCP-3.2.0.jar:na]
	at com.zaxxer.hikari.pool.HikariProxyPreparedStatement.executeUpdate(HikariProxyPreparedStatement.java) ~[HikariCP-3.2.0.jar:na]
	at org.hibernate.engine.jdbc.internal.ResultSetReturnImpl.executeUpdate(ResultSetReturnImpl.java:175) ~[hibernate-core-5.3.10.Final.jar:5.3.10.Final]
	at org.hibernate.dialect.identity.GetGeneratedKeysDelegate.executeAndExtract(GetGeneratedKeysDelegate.java:57) ~[hibernate-core-5.3.10.Final.jar:5.3.10.Final]
	at org.hibernate.id.insert.AbstractReturningDelegate.performInsert(AbstractReturningDelegate.java:42) ~[hibernate-core-5.3.10.Final.jar:5.3.10.Final]
	at org.hibernate.persister.entity.AbstractEntityPersister.insert(AbstractEntityPersister.java:3077) ~[hibernate-core-5.3.10.Final.jar:5.3.10.Final]
	at org.hibernate.persister.entity.AbstractEntityPersister.insert(AbstractEntityPersister.java:3667) ~[hibernate-core-5.3.10.Final.jar:5.3.10.Final]
	at org.hibernate.action.internal.EntityIdentityInsertAction.execute(EntityIdentityInsertAction.java:81) ~[hibernate-core-5.3.10.Final.jar:5.3.10.Final]
	at org.hibernate.engine.spi.ActionQueue.execute(ActionQueue.java:645) ~[hibernate-core-5.3.10.Final.jar:5.3.10.Final]
	at org.hibernate.engine.spi.ActionQueue.addResolvedEntityInsertAction(ActionQueue.java:282) ~[hibernate-core-5.3.10.Final.jar:5.3.10.Final]
	at org.hibernate.engine.spi.ActionQueue.addInsertAction(ActionQueue.java:263) ~[hibernate-core-5.3.10.Final.jar:5.3.10.Final]
	at org.hibernate.engine.spi.ActionQueue.addAction(ActionQueue.java:317) ~[hibernate-core-5.3.10.Final.jar:5.3.10.Final]
	at org.hibernate.event.internal.AbstractSaveEventListener.addInsertAction(AbstractSaveEventListener.java:332) ~[hibernate-core-5.3.10.Final.jar:5.3.10.Final]
	at org.hibernate.event.internal.AbstractSaveEventListener.performSaveOrReplicate(AbstractSaveEventListener.java:289) ~[hibernate-core-5.3.10.Final.jar:5.3.10.Final]
	at org.hibernate.event.internal.AbstractSaveEventListener.performSave(AbstractSaveEventListener.java:196) ~[hibernate-core-5.3.10.Final.jar:5.3.10.Final]
	at org.hibernate.event.internal.AbstractSaveEventListener.saveWithGeneratedId(AbstractSaveEventListener.java:127) ~[hibernate-core-5.3.10.Final.jar:5.3.10.Final]
	at org.hibernate.event.internal.DefaultPersistEventListener.entityIsTransient(DefaultPersistEventListener.java:192) ~[hibernate-core-5.3.10.Final.jar:5.3.10.Final]
	at org.hibernate.event.internal.DefaultPersistEventListener.onPersist(DefaultPersistEventListener.java:135) ~[hibernate-core-5.3.10.Final.jar:5.3.10.Final]
	at org.hibernate.event.internal.DefaultPersistEventListener.onPersist(DefaultPersistEventListener.java:62) ~[hibernate-core-5.3.10.Final.jar:5.3.10.Final]
	at org.hibernate.internal.SessionImpl.firePersist(SessionImpl.java:800) ~[hibernate-core-5.3.10.Final.jar:5.3.10.Final]
	at org.hibernate.internal.SessionImpl.persist(SessionImpl.java:785) ~[hibernate-core-5.3.10.Final.jar:5.3.10.Final]
	at sun.reflect.NativeMethodAccessorImpl.invoke0(Native Method) ~[na:1.8.0_144]
	at sun.reflect.NativeMethodAccessorImpl.invoke(NativeMethodAccessorImpl.java:62) ~[na:1.8.0_144]
	at sun.reflect.DelegatingMethodAccessorImpl.invoke(DelegatingMethodAccessorImpl.java:43) ~[na:1.8.0_144]
	at java.lang.reflect.Method.invoke(Method.java:498) ~[na:1.8.0_144]
	at org.springframework.orm.jpa.ExtendedEntityManagerCreator$ExtendedEntityManagerInvocationHandler.invoke(ExtendedEntityManagerCreator.java:350) ~[spring-orm-5.1.7.RELEASE.jar:5.1.7.RELEASE]
	at com.sun.proxy.$Proxy90.persist(Unknown Source) ~[na:na]
	at sun.reflect.NativeMethodAccessorImpl.invoke0(Native Method) ~[na:1.8.0_144]
	at sun.reflect.NativeMethodAccessorImpl.invoke(NativeMethodAccessorImpl.java:62) ~[na:1.8.0_144]
	at sun.reflect.DelegatingMethodAccessorImpl.invoke(DelegatingMethodAccessorImpl.java:43) ~[na:1.8.0_144]
	at java.lang.reflect.Method.invoke(Method.java:498) ~[na:1.8.0_144]
	at org.springframework.orm.jpa.SharedEntityManagerCreator$SharedEntityManagerInvocationHandler.invoke(SharedEntityManagerCreator.java:308) ~[spring-orm-5.1.7.RELEASE.jar:5.1.7.RELEASE]
	at com.sun.proxy.$Proxy90.persist(Unknown Source) ~[na:na]
	at org.springframework.data.jpa.repository.support.SimpleJpaRepository.save(SimpleJpaRepository.java:496) ~[spring-data-jpa-2.1.8.RELEASE.jar:2.1.8.RELEASE]
	at sun.reflect.NativeMethodAccessorImpl.invoke0(Native Method) ~[na:1.8.0_144]
	at sun.reflect.NativeMethodAccessorImpl.invoke(NativeMethodAccessorImpl.java:62) ~[na:1.8.0_144]
	at sun.reflect.DelegatingMethodAccessorImpl.invoke(DelegatingMethodAccessorImpl.java:43) ~[na:1.8.0_144]
	at java.lang.reflect.Method.invoke(Method.java:498) ~[na:1.8.0_144]
	at org.springframework.data.repository.core.support.RepositoryComposition$RepositoryFragments.invoke(RepositoryComposition.java:359) ~[spring-data-commons-2.1.8.RELEASE.jar:2.1.8.RELEASE]
	at org.springframework.data.repository.core.support.RepositoryComposition.invoke(RepositoryComposition.java:200) ~[spring-data-commons-2.1.8.RELEASE.jar:2.1.8.RELEASE]
	at org.springframework.data.repository.core.support.RepositoryFactorySupport$ImplementationMethodExecutionInterceptor.invoke(RepositoryFactorySupport.java:644) ~[spring-data-commons-2.1.8.RELEASE.jar:2.1.8.RELEASE]
	at org.springframework.aop.framework.ReflectiveMethodInvocation.proceed(ReflectiveMethodInvocation.java:186) ~[spring-aop-5.1.7.RELEASE.jar:5.1.7.RELEASE]
	at org.springframework.data.repository.core.support.RepositoryFactorySupport$QueryExecutorMethodInterceptor.doInvoke(RepositoryFactorySupport.java:608) ~[spring-data-commons-2.1.8.RELEASE.jar:2.1.8.RELEASE]
	at org.springframework.data.repository.core.support.RepositoryFactorySupport$QueryExecutorMethodInterceptor.lambda$invoke$3(RepositoryFactorySupport.java:595) ~[spring-data-commons-2.1.8.RELEASE.jar:2.1.8.RELEASE]
	at org.springframework.data.repository.core.support.RepositoryFactorySupport$QueryExecutorMethodInterceptor.invoke(RepositoryFactorySupport.java:595) ~[spring-data-commons-2.1.8.RELEASE.jar:2.1.8.RELEASE]
	at org.springframework.aop.framework.ReflectiveMethodInvocation.proceed(ReflectiveMethodInvocation.java:186) ~[spring-aop-5.1.7.RELEASE.jar:5.1.7.RELEASE]
	at org.springframework.data.projection.DefaultMethodInvokingMethodInterceptor.invoke(DefaultMethodInvokingMethodInterceptor.java:59) ~[spring-data-commons-2.1.8.RELEASE.jar:2.1.8.RELEASE]
	at org.springframework.aop.framework.ReflectiveMethodInvocation.proceed(ReflectiveMethodInvocation.java:186) ~[spring-aop-5.1.7.RELEASE.jar:5.1.7.RELEASE]
	at org.springframework.transaction.interceptor.TransactionAspectSupport.invokeWithinTransaction(TransactionAspectSupport.java:295) ~[spring-tx-5.1.7.RELEASE.jar:5.1.7.RELEASE]
	at org.springframework.transaction.interceptor.TransactionInterceptor.invoke(TransactionInterceptor.java:98) ~[spring-tx-5.1.7.RELEASE.jar:5.1.7.RELEASE]
	at org.springframework.aop.framework.ReflectiveMethodInvocation.proceed(ReflectiveMethodInvocation.java:186) ~[spring-aop-5.1.7.RELEASE.jar:5.1.7.RELEASE]
	at org.springframework.dao.support.PersistenceExceptionTranslationInterceptor.invoke(PersistenceExceptionTranslationInterceptor.java:139) ~[spring-tx-5.1.7.RELEASE.jar:5.1.7.RELEASE]
	at org.springframework.aop.framework.ReflectiveMethodInvocation.proceed(ReflectiveMethodInvocation.java:186) ~[spring-aop-5.1.7.RELEASE.jar:5.1.7.RELEASE]
	at org.springframework.data.jpa.repository.support.CrudMethodMetadataPostProcessor$CrudMethodMetadataPopulatingMethodInterceptor.invoke(CrudMethodMetadataPostProcessor.java:138) ~[spring-data-jpa-2.1.8.RELEASE.jar:2.1.8.RELEASE]
	at org.springframework.aop.framework.ReflectiveMethodInvocation.proceed(ReflectiveMethodInvocation.java:186) ~[spring-aop-5.1.7.RELEASE.jar:5.1.7.RELEASE]
	at org.springframework.aop.interceptor.ExposeInvocationInterceptor.invoke(ExposeInvocationInterceptor.java:93) ~[spring-aop-5.1.7.RELEASE.jar:5.1.7.RELEASE]
	at org.springframework.aop.framework.ReflectiveMethodInvocation.proceed(ReflectiveMethodInvocation.java:186) ~[spring-aop-5.1.7.RELEASE.jar:5.1.7.RELEASE]
	at org.springframework.data.repository.core.support.SurroundingTransactionDetectorMethodInterceptor.invoke(SurroundingTransactionDetectorMethodInterceptor.java:61) ~[spring-data-commons-2.1.8.RELEASE.jar:2.1.8.RELEASE]
	at org.springframework.aop.framework.ReflectiveMethodInvocation.proceed(ReflectiveMethodInvocation.java:186) ~[spring-aop-5.1.7.RELEASE.jar:5.1.7.RELEASE]
	at org.springframework.aop.framework.JdkDynamicAopProxy.invoke(JdkDynamicAopProxy.java:212) ~[spring-aop-5.1.7.RELEASE.jar:5.1.7.RELEASE]
	at com.sun.proxy.$Proxy92.save(Unknown Source) ~[na:na]
	at com.example.demo.controllers.UserController.createUser(UserController.java:65) ~[classes/:na]
	at sun.reflect.NativeMethodAccessorImpl.invoke0(Native Method) ~[na:1.8.0_144]
	at sun.reflect.NativeMethodAccessorImpl.invoke(NativeMethodAccessorImpl.java:62) ~[na:1.8.0_144]
	at sun.reflect.DelegatingMethodAccessorImpl.invoke(DelegatingMethodAccessorImpl.java:43) ~[na:1.8.0_144]
	at java.lang.reflect.Method.invoke(Method.java:498) ~[na:1.8.0_144]
	at org.springframework.web.method.support.InvocableHandlerMethod.doInvoke(InvocableHandlerMethod.java:190) ~[spring-web-5.1.7.RELEASE.jar:5.1.7.RELEASE]
	at org.springframework.web.method.support.InvocableHandlerMethod.invokeForRequest(InvocableHandlerMethod.java:138) ~[spring-web-5.1.7.RELEASE.jar:5.1.7.RELEASE]
	at org.springframework.web.servlet.mvc.method.annotation.ServletInvocableHandlerMethod.invokeAndHandle(ServletInvocableHandlerMethod.java:104) ~[spring-webmvc-5.1.7.RELEASE.jar:5.1.7.RELEASE]
	at org.springframework.web.servlet.mvc.method.annotation.RequestMappingHandlerAdapter.invokeHandlerMethod(RequestMappingHandlerAdapter.java:892) ~[spring-webmvc-5.1.7.RELEASE.jar:5.1.7.RELEASE]
	at org.springframework.web.servlet.mvc.method.annotation.RequestMappingHandlerAdapter.handleInternal(RequestMappingHandlerAdapter.java:797) ~[spring-webmvc-5.1.7.RELEASE.jar:5.1.7.RELEASE]
	at org.springframework.web.servlet.mvc.method.AbstractHandlerMethodAdapter.handle(AbstractHandlerMethodAdapter.java:87) ~[spring-webmvc-5.1.7.RELEASE.jar:5.1.7.RELEASE]
	at org.springframework.web.servlet.DispatcherServlet.doDispatch(DispatcherServlet.java:1039) ~[spring-webmvc-5.1.7.RELEASE.jar:5.1.7.RELEASE]
	at org.springframework.web.servlet.DispatcherServlet.doService(DispatcherServlet.java:942) ~[spring-webmvc-5.1.7.RELEASE.jar:5.1.7.RELEASE]
	at org.springframework.web.servlet.FrameworkServlet.processRequest(FrameworkServlet.java:1005) ~[spring-webmvc-5.1.7.RELEASE.jar:5.1.7.RELEASE]
	at org.springframework.web.servlet.FrameworkServlet.doPost(FrameworkServlet.java:908) ~[spring-webmvc-5.1.7.RELEASE.jar:5.1.7.RELEASE]
	at javax.servlet.http.HttpServlet.service(HttpServlet.java:660) ~[tomcat-embed-core-9.0.19.jar:9.0.19]
	at org.springframework.web.servlet.FrameworkServlet.service(FrameworkServlet.java:882) ~[spring-webmvc-5.1.7.RELEASE.jar:5.1.7.RELEASE]
	at javax.servlet.http.HttpServlet.service(HttpServlet.java:741) ~[tomcat-embed-core-9.0.19.jar:9.0.19]
	at org.apache.catalina.core.ApplicationFilterChain.internalDoFilter(ApplicationFilterChain.java:231) ~[tomcat-embed-core-9.0.19.jar:9.0.19]
	at org.apache.catalina.core.ApplicationFilterChain.doFilter(ApplicationFilterChain.java:166) ~[tomcat-embed-core-9.0.19.jar:9.0.19]
	at org.apache.tomcat.websocket.server.WsFilter.doFilter(WsFilter.java:53) ~[tomcat-embed-websocket-9.0.19.jar:9.0.19]
	at org.apache.catalina.core.ApplicationFilterChain.internalDoFilter(ApplicationFilterChain.java:193) ~[tomcat-embed-core-9.0.19.jar:9.0.19]
	at org.apache.catalina.core.ApplicationFilterChain.doFilter(ApplicationFilterChain.java:166) ~[tomcat-embed-core-9.0.19.jar:9.0.19]
	at org.springframework.web.filter.RequestContextFilter.doFilterInternal(RequestContextFilter.java:99) ~[spring-web-5.1.7.RELEASE.jar:5.1.7.RELEASE]
	at org.springframework.web.filter.OncePerRequestFilter.doFilter(OncePerRequestFilter.java:107) ~[spring-web-5.1.7.RELEASE.jar:5.1.7.RELEASE]
	at org.apache.catalina.core.ApplicationFilterChain.internalDoFilter(ApplicationFilterChain.java:193) ~[tomcat-embed-core-9.0.19.jar:9.0.19]
	at org.apache.catalina.core.ApplicationFilterChain.doFilter(ApplicationFilterChain.java:166) ~[tomcat-embed-core-9.0.19.jar:9.0.19]
	at org.springframework.web.filter.FormContentFilter.doFilterInternal(FormContentFilter.java:92) ~[spring-web-5.1.7.RELEASE.jar:5.1.7.RELEASE]
	at org.springframework.web.filter.OncePerRequestFilter.doFilter(OncePerRequestFilter.java:107) ~[spring-web-5.1.7.RELEASE.jar:5.1.7.RELEASE]
	at org.apache.catalina.core.ApplicationFilterChain.internalDoFilter(ApplicationFilterChain.java:193) ~[tomcat-embed-core-9.0.19.jar:9.0.19]
	at org.apache.catalina.core.ApplicationFilterChain.doFilter(ApplicationFilterChain.java:166) ~[tomcat-embed-core-9.0.19.jar:9.0.19]
	at org.springframework.web.filter.HiddenHttpMethodFilter.doFilterInternal(HiddenHttpMethodFilter.java:93) ~[spring-web-5.1.7.RELEASE.jar:5.1.7.RELEASE]
	at org.springframework.web.filter.OncePerRequestFilter.doFilter(OncePerRequestFilter.java:107) ~[spring-web-5.1.7.RELEASE.jar:5.1.7.RELEASE]
	at org.apache.catalina.core.ApplicationFilterChain.internalDoFilter(ApplicationFilterChain.java:193) ~[tomcat-embed-core-9.0.19.jar:9.0.19]
	at org.apache.catalina.core.ApplicationFilterChain.doFilter(ApplicationFilterChain.java:166) ~[tomcat-embed-core-9.0.19.jar:9.0.19]
	at org.springframework.web.filter.CharacterEncodingFilter.doFilterInternal(CharacterEncodingFilter.java:200) ~[spring-web-5.1.7.RELEASE.jar:5.1.7.RELEASE]
	at org.springframework.web.filter.OncePerRequestFilter.doFilter(OncePerRequestFilter.java:107) ~[spring-web-5.1.7.RELEASE.jar:5.1.7.RELEASE]
	at org.apache.catalina.core.ApplicationFilterChain.internalDoFilter(ApplicationFilterChain.java:193) ~[tomcat-embed-core-9.0.19.jar:9.0.19]
	at org.apache.catalina.core.ApplicationFilterChain.doFilter(ApplicationFilterChain.java:166) ~[tomcat-embed-core-9.0.19.jar:9.0.19]
	at org.apache.catalina.core.StandardWrapperValve.invoke(StandardWrapperValve.java:200) ~[tomcat-embed-core-9.0.19.jar:9.0.19]
	at org.apache.catalina.core.StandardContextValve.invoke(StandardContextValve.java:96) [tomcat-embed-core-9.0.19.jar:9.0.19]
	at org.apache.catalina.authenticator.AuthenticatorBase.invoke(AuthenticatorBase.java:490) [tomcat-embed-core-9.0.19.jar:9.0.19]
	at org.apache.catalina.core.StandardHostValve.invoke(StandardHostValve.java:139) [tomcat-embed-core-9.0.19.jar:9.0.19]
	at org.apache.catalina.valves.ErrorReportValve.invoke(ErrorReportValve.java:92) [tomcat-embed-core-9.0.19.jar:9.0.19]
	at org.apache.catalina.core.StandardEngineValve.invoke(StandardEngineValve.java:74) [tomcat-embed-core-9.0.19.jar:9.0.19]
	at org.apache.catalina.connector.CoyoteAdapter.service(CoyoteAdapter.java:343) [tomcat-embed-core-9.0.19.jar:9.0.19]
	at org.apache.coyote.http11.Http11Processor.service(Http11Processor.java:408) [tomcat-embed-core-9.0.19.jar:9.0.19]
	at org.apache.coyote.AbstractProcessorLight.process(AbstractProcessorLight.java:66) [tomcat-embed-core-9.0.19.jar:9.0.19]
	at org.apache.coyote.AbstractProtocol$ConnectionHandler.process(AbstractProtocol.java:836) [tomcat-embed-core-9.0.19.jar:9.0.19]
	at org.apache.tomcat.util.net.NioEndpoint$SocketProcessor.doRun(NioEndpoint.java:1747) [tomcat-embed-core-9.0.19.jar:9.0.19]
	at org.apache.tomcat.util.net.SocketProcessorBase.run(SocketProcessorBase.java:49) [tomcat-embed-core-9.0.19.jar:9.0.19]
	at java.util.concurrent.ThreadPoolExecutor.runWorker(ThreadPoolExecutor.java:1149) [na:1.8.0_144]
	at java.util.concurrent.ThreadPoolExecutor$Worker.run(ThreadPoolExecutor.java:624) [na:1.8.0_144]
	at org.apache.tomcat.util.threads.TaskThread$WrappingRunnable.run(TaskThread.java:61) [tomcat-embed-core-9.0.19.jar:9.0.19]
	at java.lang.Thread.run(Thread.java:748) [na:1.8.0_144]

2019-12-14 00:27:03.944  INFO 7732 --- [http-nio-8080-exec-4] c.e.demo.controllers.UserController      : Finding user with username shashank
2019-12-14 00:27:03.979  INFO 7732 --- [http-nio-8080-exec-4] o.h.h.i.QueryTranslatorFactoryInitiator  : HHH000397: Using ASTQueryTranslatorFactory
2019-12-14 00:39:15.283  WARN 7732 --- [http-nio-8080-exec-9] .w.s.m.s.DefaultHandlerExceptionResolver : Resolved [org.springframework.web.HttpRequestMethodNotSupportedException: Request method 'POST' not supported]
2019-12-14 00:42:39.939  INFO 19552 --- [main] com.example.demo.SareetaApplication      : Starting SareetaApplication on shasagar-WX-1 with PID 19552 (started by shasagar in C:\Users\shasagar\personal\java-nonodegree\jdnd-ecommerce\JDND\projects\P04-eCommerce Application\starter_code)
2019-12-14 00:42:39.950  INFO 19552 --- [main] com.example.demo.SareetaApplication      : No active profile set, falling back to default profiles: default
2019-12-14 00:42:41.520  INFO 19552 --- [main] .s.d.r.c.RepositoryConfigurationDelegate : Bootstrapping Spring Data repositories in DEFAULT mode.
2019-12-14 00:42:41.633  INFO 19552 --- [main] .s.d.r.c.RepositoryConfigurationDelegate : Finished Spring Data repository scanning in 99ms. Found 4 repository interfaces.
2019-12-14 00:42:42.303  INFO 19552 --- [main] trationDelegate$BeanPostProcessorChecker : Bean 'org.springframework.transaction.annotation.ProxyTransactionManagementConfiguration' of type [org.springframework.transaction.annotation.ProxyTransactionManagementConfiguration$$EnhancerBySpringCGLIB$$4c75b97c] is not eligible for getting processed by all BeanPostProcessors (for example: not eligible for auto-proxying)
2019-12-14 00:42:43.197  INFO 19552 --- [main] o.s.b.w.embedded.tomcat.TomcatWebServer  : Tomcat initialized with port(s): 8080 (http)
2019-12-14 00:42:43.253  INFO 19552 --- [main] o.apache.catalina.core.StandardService   : Starting service [Tomcat]
2019-12-14 00:42:43.254  INFO 19552 --- [main] org.apache.catalina.core.StandardEngine  : Starting Servlet engine: [Apache Tomcat/9.0.19]
2019-12-14 00:42:43.523  INFO 19552 --- [main] o.a.c.c.C.[Tomcat].[localhost].[/]       : Initializing Spring embedded WebApplicationContext
2019-12-14 00:42:43.523  INFO 19552 --- [main] o.s.web.context.ContextLoader            : Root WebApplicationContext: initialization completed in 3343 ms
2019-12-14 00:42:43.900  INFO 19552 --- [main] com.zaxxer.hikari.HikariDataSource       : HikariPool-1 - Starting...
2019-12-14 00:42:44.088  INFO 19552 --- [main] com.zaxxer.hikari.HikariDataSource       : HikariPool-1 - Start completed.
2019-12-14 00:42:44.192  INFO 19552 --- [main] o.hibernate.jpa.internal.util.LogHelper  : HHH000204: Processing PersistenceUnitInfo [
	name: default
	...]
2019-12-14 00:42:44.326  INFO 19552 --- [main] org.hibernate.Version                    : HHH000412: Hibernate Core {5.3.10.Final}
2019-12-14 00:42:44.328  INFO 19552 --- [main] org.hibernate.cfg.Environment            : HHH000206: hibernate.properties not found
2019-12-14 00:42:44.910  INFO 19552 --- [main] o.hibernate.annotations.common.Version   : HCANN000001: Hibernate Commons Annotations {5.0.4.Final}
2019-12-14 00:42:45.294  INFO 19552 --- [main] org.hibernate.dialect.Dialect            : HHH000400: Using dialect: org.hibernate.dialect.H2Dialect
2019-12-14 00:42:46.473  INFO 19552 --- [main] j.LocalContainerEntityManagerFactoryBean : Initialized JPA EntityManagerFactory for persistence unit 'default'
2019-12-14 00:42:47.290  INFO 19552 --- [main] o.s.s.concurrent.ThreadPoolTaskExecutor  : Initializing ExecutorService 'applicationTaskExecutor'
2019-12-14 00:42:47.355  WARN 19552 --- [main] aWebConfiguration$JpaWebMvcConfiguration : spring.jpa.open-in-view is enabled by default. Therefore, database queries may be performed during view rendering. Explicitly configure spring.jpa.open-in-view to disable this warning
2019-12-14 00:42:47.828  INFO 19552 --- [main] o.s.b.w.embedded.tomcat.TomcatWebServer  : Tomcat started on port(s): 8080 (http) with context path ''
2019-12-14 00:42:47.833  INFO 19552 --- [main] com.example.demo.SareetaApplication      : Started SareetaApplication in 8.944 seconds (JVM running for 9.794)
2019-12-14 00:42:55.429  INFO 19552 --- [http-nio-8080-exec-1] o.a.c.c.C.[Tomcat].[localhost].[/]       : Initializing Spring DispatcherServlet 'dispatcherServlet'
2019-12-14 00:42:55.429  INFO 19552 --- [http-nio-8080-exec-1] o.s.web.servlet.DispatcherServlet        : Initializing Servlet 'dispatcherServlet'
2019-12-14 00:42:55.440  INFO 19552 --- [http-nio-8080-exec-1] o.s.web.servlet.DispatcherServlet        : Completed initialization in 11 ms
2019-12-14 00:42:55.568  INFO 19552 --- [http-nio-8080-exec-1] c.e.demo.controllers.UserController      : User name set with shashank
2019-12-14 00:42:55.738  INFO 19552 --- [http-nio-8080-exec-1] c.e.demo.controllers.UserController      : User shashank is successfully created
2019-12-14 00:49:59.723  INFO 11016 --- [main] com.example.demo.SareetaApplication      : Starting SareetaApplication on shasagar-WX-1 with PID 11016 (started by shasagar in C:\Users\shasagar\personal\java-nonodegree\jdnd-ecommerce\JDND\projects\P04-eCommerce Application\starter_code)
2019-12-14 00:49:59.728  INFO 11016 --- [main] com.example.demo.SareetaApplication      : No active profile set, falling back to default profiles: default
2019-12-14 00:50:00.932  INFO 11016 --- [main] .s.d.r.c.RepositoryConfigurationDelegate : Bootstrapping Spring Data repositories in DEFAULT mode.
2019-12-14 00:50:01.137  INFO 11016 --- [main] .s.d.r.c.RepositoryConfigurationDelegate : Finished Spring Data repository scanning in 189ms. Found 4 repository interfaces.
2019-12-14 00:50:01.907  INFO 11016 --- [main] trationDelegate$BeanPostProcessorChecker : Bean 'org.springframework.transaction.annotation.ProxyTransactionManagementConfiguration' of type [org.springframework.transaction.annotation.ProxyTransactionManagementConfiguration$$EnhancerBySpringCGLIB$$8e85439c] is not eligible for getting processed by all BeanPostProcessors (for example: not eligible for auto-proxying)
2019-12-14 00:50:02.566  INFO 11016 --- [main] o.s.b.w.embedded.tomcat.TomcatWebServer  : Tomcat initialized with port(s): 8080 (http)
2019-12-14 00:50:02.602  INFO 11016 --- [main] o.apache.catalina.core.StandardService   : Starting service [Tomcat]
2019-12-14 00:50:02.603  INFO 11016 --- [main] org.apache.catalina.core.StandardEngine  : Starting Servlet engine: [Apache Tomcat/9.0.19]
2019-12-14 00:50:02.772  INFO 11016 --- [main] o.a.c.c.C.[Tomcat].[localhost].[/]       : Initializing Spring embedded WebApplicationContext
2019-12-14 00:50:02.773  INFO 11016 --- [main] o.s.web.context.ContextLoader            : Root WebApplicationContext: initialization completed in 2927 ms
2019-12-14 00:50:03.081  INFO 11016 --- [main] com.zaxxer.hikari.HikariDataSource       : HikariPool-1 - Starting...
2019-12-14 00:50:03.261  INFO 11016 --- [main] com.zaxxer.hikari.HikariDataSource       : HikariPool-1 - Start completed.
2019-12-14 00:50:03.343  INFO 11016 --- [main] o.hibernate.jpa.internal.util.LogHelper  : HHH000204: Processing PersistenceUnitInfo [
	name: default
	...]
2019-12-14 00:50:03.445  INFO 11016 --- [main] org.hibernate.Version                    : HHH000412: Hibernate Core {5.3.10.Final}
2019-12-14 00:50:03.447  INFO 11016 --- [main] org.hibernate.cfg.Environment            : HHH000206: hibernate.properties not found
2019-12-14 00:50:03.631  INFO 11016 --- [main] o.hibernate.annotations.common.Version   : HCANN000001: Hibernate Commons Annotations {5.0.4.Final}
2019-12-14 00:50:03.796  INFO 11016 --- [main] org.hibernate.dialect.Dialect            : HHH000400: Using dialect: org.hibernate.dialect.H2Dialect
2019-12-14 00:50:04.689  INFO 11016 --- [main] j.LocalContainerEntityManagerFactoryBean : Initialized JPA EntityManagerFactory for persistence unit 'default'
2019-12-14 00:50:05.446  INFO 11016 --- [main] o.s.s.concurrent.ThreadPoolTaskExecutor  : Initializing ExecutorService 'applicationTaskExecutor'
2019-12-14 00:50:05.510  WARN 11016 --- [main] aWebConfiguration$JpaWebMvcConfiguration : spring.jpa.open-in-view is enabled by default. Therefore, database queries may be performed during view rendering. Explicitly configure spring.jpa.open-in-view to disable this warning
2019-12-14 00:50:05.992  INFO 11016 --- [main] o.s.b.w.embedded.tomcat.TomcatWebServer  : Tomcat started on port(s): 8080 (http) with context path ''
2019-12-14 00:50:05.998  INFO 11016 --- [main] com.example.demo.SareetaApplication      : Started SareetaApplication in 6.853 seconds (JVM running for 7.529)
2019-12-14 00:50:21.810  INFO 11016 --- [http-nio-8080-exec-1] o.a.c.c.C.[Tomcat].[localhost].[/]       : Initializing Spring DispatcherServlet 'dispatcherServlet'
2019-12-14 00:50:21.811  INFO 11016 --- [http-nio-8080-exec-1] o.s.web.servlet.DispatcherServlet        : Initializing Servlet 'dispatcherServlet'
2019-12-14 00:50:21.821  INFO 11016 --- [http-nio-8080-exec-1] o.s.web.servlet.DispatcherServlet        : Completed initialization in 10 ms
2019-12-14 00:50:21.925  INFO 11016 --- [http-nio-8080-exec-1] c.e.demo.controllers.UserController      : User name set with shashank
2019-12-14 00:50:22.081  INFO 11016 --- [http-nio-8080-exec-1] c.e.demo.controllers.UserController      : User shashank is successfully created
2019-12-14 00:55:56.812  INFO 14960 --- [main] c.example.demo.SareetaApplicationTests   : Starting SareetaApplicationTests on shasagar-WX-1 with PID 14960 (started by shasagar in C:\Users\shasagar\personal\java-nonodegree\jdnd-ecommerce\JDND\projects\P04-eCommerce Application\starter_code)
2019-12-14 00:55:56.814  INFO 14960 --- [main] c.example.demo.SareetaApplicationTests   : No active profile set, falling back to default profiles: default
2019-12-14 00:55:58.256  INFO 14960 --- [main] .s.d.r.c.RepositoryConfigurationDelegate : Bootstrapping Spring Data repositories in DEFAULT mode.
2019-12-14 00:55:58.376  INFO 14960 --- [main] .s.d.r.c.RepositoryConfigurationDelegate : Finished Spring Data repository scanning in 102ms. Found 4 repository interfaces.
2019-12-14 00:55:59.129  INFO 14960 --- [main] trationDelegate$BeanPostProcessorChecker : Bean 'org.springframework.transaction.annotation.ProxyTransactionManagementConfiguration' of type [org.springframework.transaction.annotation.ProxyTransactionManagementConfiguration$$EnhancerBySpringCGLIB$$a1bfe246] is not eligible for getting processed by all BeanPostProcessors (for example: not eligible for auto-proxying)
2019-12-14 00:55:59.411  INFO 14960 --- [main] com.zaxxer.hikari.HikariDataSource       : HikariPool-1 - Starting...
2019-12-14 00:55:59.682  INFO 14960 --- [main] com.zaxxer.hikari.HikariDataSource       : HikariPool-1 - Start completed.
2019-12-14 00:55:59.764  INFO 14960 --- [main] o.hibernate.jpa.internal.util.LogHelper  : HHH000204: Processing PersistenceUnitInfo [
	name: default
	...]
2019-12-14 00:55:59.846  INFO 14960 --- [main] org.hibernate.Version                    : HHH000412: Hibernate Core {5.3.10.Final}
2019-12-14 00:55:59.848  INFO 14960 --- [main] org.hibernate.cfg.Environment            : HHH000206: hibernate.properties not found
2019-12-14 00:56:00.072  INFO 14960 --- [main] o.hibernate.annotations.common.Version   : HCANN000001: Hibernate Commons Annotations {5.0.4.Final}
2019-12-14 00:56:00.558  INFO 14960 --- [main] org.hibernate.dialect.Dialect            : HHH000400: Using dialect: org.hibernate.dialect.H2Dialect
2019-12-14 00:56:01.490  INFO 14960 --- [main] j.LocalContainerEntityManagerFactoryBean : Initialized JPA EntityManagerFactory for persistence unit 'default'
2019-12-14 00:56:02.842  INFO 14960 --- [main] o.s.s.concurrent.ThreadPoolTaskExecutor  : Initializing ExecutorService 'applicationTaskExecutor'
2019-12-14 00:56:02.923  WARN 14960 --- [main] aWebConfiguration$JpaWebMvcConfiguration : spring.jpa.open-in-view is enabled by default. Therefore, database queries may be performed during view rendering. Explicitly configure spring.jpa.open-in-view to disable this warning
2019-12-14 00:56:03.473  INFO 14960 --- [main] c.example.demo.SareetaApplicationTests   : Started SareetaApplicationTests in 7.264 seconds (JVM running for 8.812)
2019-12-14 00:56:03.803  INFO 14960 --- [Thread-3] o.s.s.concurrent.ThreadPoolTaskExecutor  : Shutting down ExecutorService 'applicationTaskExecutor'
2019-12-14 00:56:03.805  INFO 14960 --- [Thread-3] j.LocalContainerEntityManagerFactoryBean : Closing JPA EntityManagerFactory for persistence unit 'default'
2019-12-14 00:56:03.808  INFO 14960 --- [Thread-3] com.zaxxer.hikari.HikariDataSource       : HikariPool-1 - Shutdown initiated...
2019-12-14 00:56:03.812  INFO 14960 --- [Thread-3] com.zaxxer.hikari.HikariDataSource       : HikariPool-1 - Shutdown completed.
2019-12-14 01:06:38.792  INFO 6188 --- [main] com.example.demo.SareetaApplication      : Starting SareetaApplication on shasagar-WX-1 with PID 6188 (started by shasagar in C:\Users\shasagar\personal\java-nonodegree\jdnd-ecommerce\JDND\projects\P04-eCommerce Application\starter_code)
2019-12-14 01:06:38.796  INFO 6188 --- [main] com.example.demo.SareetaApplication      : No active profile set, falling back to default profiles: default
2019-12-14 01:06:40.133  INFO 6188 --- [main] .s.d.r.c.RepositoryConfigurationDelegate : Bootstrapping Spring Data repositories in DEFAULT mode.
2019-12-14 01:06:40.328  INFO 6188 --- [main] .s.d.r.c.RepositoryConfigurationDelegate : Finished Spring Data repository scanning in 115ms. Found 4 repository interfaces.
2019-12-14 01:06:41.140  INFO 6188 --- [main] trationDelegate$BeanPostProcessorChecker : Bean 'org.springframework.transaction.annotation.ProxyTransactionManagementConfiguration' of type [org.springframework.transaction.annotation.ProxyTransactionManagementConfiguration$$EnhancerBySpringCGLIB$$78eb6e21] is not eligible for getting processed by all BeanPostProcessors (for example: not eligible for auto-proxying)
2019-12-14 01:06:41.775  INFO 6188 --- [main] o.s.b.w.embedded.tomcat.TomcatWebServer  : Tomcat initialized with port(s): 8080 (http)
2019-12-14 01:06:41.809  INFO 6188 --- [main] o.apache.catalina.core.StandardService   : Starting service [Tomcat]
2019-12-14 01:06:41.810  INFO 6188 --- [main] org.apache.catalina.core.StandardEngine  : Starting Servlet engine: [Apache Tomcat/9.0.19]
2019-12-14 01:06:41.967  INFO 6188 --- [main] o.a.c.c.C.[Tomcat].[localhost].[/]       : Initializing Spring embedded WebApplicationContext
2019-12-14 01:06:41.968  INFO 6188 --- [main] o.s.web.context.ContextLoader            : Root WebApplicationContext: initialization completed in 2932 ms
2019-12-14 01:06:42.211  INFO 6188 --- [main] com.zaxxer.hikari.HikariDataSource       : HikariPool-1 - Starting...
2019-12-14 01:06:42.509  INFO 6188 --- [main] com.zaxxer.hikari.HikariDataSource       : HikariPool-1 - Start completed.
2019-12-14 01:06:42.581  INFO 6188 --- [main] o.hibernate.jpa.internal.util.LogHelper  : HHH000204: Processing PersistenceUnitInfo [
	name: default
	...]
2019-12-14 01:06:42.674  INFO 6188 --- [main] org.hibernate.Version                    : HHH000412: Hibernate Core {5.3.10.Final}
2019-12-14 01:06:42.676  INFO 6188 --- [main] org.hibernate.cfg.Environment            : HHH000206: hibernate.properties not found
2019-12-14 01:06:42.861  INFO 6188 --- [main] o.hibernate.annotations.common.Version   : HCANN000001: Hibernate Commons Annotations {5.0.4.Final}
2019-12-14 01:06:43.057  INFO 6188 --- [main] org.hibernate.dialect.Dialect            : HHH000400: Using dialect: org.hibernate.dialect.H2Dialect
2019-12-14 01:06:44.047  INFO 6188 --- [main] j.LocalContainerEntityManagerFactoryBean : Initialized JPA EntityManagerFactory for persistence unit 'default'
2019-12-14 01:06:44.999  INFO 6188 --- [main] o.s.s.web.DefaultSecurityFilterChain     : Creating filter chain: any request, [org.springframework.security.web.context.request.async.WebAsyncManagerIntegrationFilter@44b9c7c4, org.springframework.security.web.context.SecurityContextPersistenceFilter@6f0c45f4, org.springframework.security.web.header.HeaderWriterFilter@7548e1fb, org.springframework.web.filter.CorsFilter@674184d, org.springframework.security.web.authentication.logout.LogoutFilter@2969a9a6, com.example.demo.security.JWTAuthenticationFilter@3611153f, com.example.demo.security.JWTAuthenticationVerificationFilter@5835e24a, org.springframework.security.web.savedrequest.RequestCacheAwareFilter@faec277, org.springframework.security.web.servletapi.SecurityContextHolderAwareRequestFilter@2499b971, org.springframework.security.web.authentication.AnonymousAuthenticationFilter@5238896f, org.springframework.security.web.session.SessionManagementFilter@994544, org.springframework.security.web.access.ExceptionTranslationFilter@6736f40f, org.springframework.security.web.access.intercept.FilterSecurityInterceptor@77cddc0c]
2019-12-14 01:06:45.434  INFO 6188 --- [main] o.s.s.concurrent.ThreadPoolTaskExecutor  : Initializing ExecutorService 'applicationTaskExecutor'
2019-12-14 01:06:45.493  WARN 6188 --- [main] aWebConfiguration$JpaWebMvcConfiguration : spring.jpa.open-in-view is enabled by default. Therefore, database queries may be performed during view rendering. Explicitly configure spring.jpa.open-in-view to disable this warning
2019-12-14 01:06:45.793  INFO 6188 --- [main] o.s.b.w.embedded.tomcat.TomcatWebServer  : Tomcat started on port(s): 8080 (http) with context path ''
2019-12-14 01:06:45.797  INFO 6188 --- [main] com.example.demo.SareetaApplication      : Started SareetaApplication in 7.573 seconds (JVM running for 8.251)
2019-12-14 01:07:04.899  INFO 6188 --- [http-nio-8080-exec-1] o.a.c.c.C.[Tomcat].[localhost].[/]       : Initializing Spring DispatcherServlet 'dispatcherServlet'
2019-12-14 01:07:04.900  INFO 6188 --- [http-nio-8080-exec-1] o.s.web.servlet.DispatcherServlet        : Initializing Servlet 'dispatcherServlet'
2019-12-14 01:07:04.912  INFO 6188 --- [http-nio-8080-exec-1] o.s.web.servlet.DispatcherServlet        : Completed initialization in 12 ms
2019-12-14 01:07:05.057  INFO 6188 --- [http-nio-8080-exec-1] c.e.demo.controllers.UserController      : User name set with shashank
2019-12-14 01:07:05.221  INFO 6188 --- [http-nio-8080-exec-1] c.e.demo.controllers.UserController      : User shashank is successfully created
2019-12-14 01:07:09.419  INFO 6188 --- [http-nio-8080-exec-2] o.h.h.i.QueryTranslatorFactoryInitiator  : HHH000397: Using ASTQueryTranslatorFactory
2019-12-14 01:14:45.781  INFO 16304 --- [main] com.example.demo.SareetaApplication      : Starting SareetaApplication on shasagar-WX-1 with PID 16304 (started by shasagar in C:\Users\shasagar\personal\java-nonodegree\jdnd-ecommerce\JDND\projects\P04-eCommerce Application\starter_code)
2019-12-14 01:14:45.796  INFO 16304 --- [main] com.example.demo.SareetaApplication      : No active profile set, falling back to default profiles: default
2019-12-14 01:14:47.031  INFO 16304 --- [main] .s.d.r.c.RepositoryConfigurationDelegate : Bootstrapping Spring Data repositories in DEFAULT mode.
2019-12-14 01:14:47.503  INFO 16304 --- [main] .s.d.r.c.RepositoryConfigurationDelegate : Finished Spring Data repository scanning in 443ms. Found 4 repository interfaces.
2019-12-14 01:14:48.876  INFO 16304 --- [main] trationDelegate$BeanPostProcessorChecker : Bean 'org.springframework.transaction.annotation.ProxyTransactionManagementConfiguration' of type [org.springframework.transaction.annotation.ProxyTransactionManagementConfiguration$$EnhancerBySpringCGLIB$$1dc9ea26] is not eligible for getting processed by all BeanPostProcessors (for example: not eligible for auto-proxying)
2019-12-14 01:14:49.674  INFO 16304 --- [main] o.s.b.w.embedded.tomcat.TomcatWebServer  : Tomcat initialized with port(s): 8080 (http)
2019-12-14 01:14:49.712  INFO 16304 --- [main] o.apache.catalina.core.StandardService   : Starting service [Tomcat]
2019-12-14 01:14:49.713  INFO 16304 --- [main] org.apache.catalina.core.StandardEngine  : Starting Servlet engine: [Apache Tomcat/9.0.19]
2019-12-14 01:14:49.919  INFO 16304 --- [main] o.a.c.c.C.[Tomcat].[localhost].[/]       : Initializing Spring embedded WebApplicationContext
2019-12-14 01:14:49.919  INFO 16304 --- [main] o.s.web.context.ContextLoader            : Root WebApplicationContext: initialization completed in 3972 ms
2019-12-14 01:14:50.296  INFO 16304 --- [main] com.zaxxer.hikari.HikariDataSource       : HikariPool-1 - Starting...
2019-12-14 01:14:50.500  INFO 16304 --- [main] com.zaxxer.hikari.HikariDataSource       : HikariPool-1 - Start completed.
2019-12-14 01:14:50.616  INFO 16304 --- [main] o.hibernate.jpa.internal.util.LogHelper  : HHH000204: Processing PersistenceUnitInfo [
	name: default
	...]
2019-12-14 01:14:50.746  INFO 16304 --- [main] org.hibernate.Version                    : HHH000412: Hibernate Core {5.3.10.Final}
2019-12-14 01:14:50.748  INFO 16304 --- [main] org.hibernate.cfg.Environment            : HHH000206: hibernate.properties not found
2019-12-14 01:14:50.977  INFO 16304 --- [main] o.hibernate.annotations.common.Version   : HCANN000001: Hibernate Commons Annotations {5.0.4.Final}
2019-12-14 01:14:51.146  INFO 16304 --- [main] org.hibernate.dialect.Dialect            : HHH000400: Using dialect: org.hibernate.dialect.H2Dialect
2019-12-14 01:14:52.074  INFO 16304 --- [main] j.LocalContainerEntityManagerFactoryBean : Initialized JPA EntityManagerFactory for persistence unit 'default'
2019-12-14 01:14:52.941  INFO 16304 --- [main] o.s.s.concurrent.ThreadPoolTaskExecutor  : Initializing ExecutorService 'applicationTaskExecutor'
2019-12-14 01:14:53.008  WARN 16304 --- [main] aWebConfiguration$JpaWebMvcConfiguration : spring.jpa.open-in-view is enabled by default. Therefore, database queries may be performed during view rendering. Explicitly configure spring.jpa.open-in-view to disable this warning
2019-12-14 01:14:53.486  INFO 16304 --- [main] o.s.b.w.embedded.tomcat.TomcatWebServer  : Tomcat started on port(s): 8080 (http) with context path ''
2019-12-14 01:14:53.489  INFO 16304 --- [main] com.example.demo.SareetaApplication      : Started SareetaApplication in 8.386 seconds (JVM running for 9.138)
2019-12-14 01:15:13.662  INFO 16304 --- [http-nio-8080-exec-1] o.a.c.c.C.[Tomcat].[localhost].[/]       : Initializing Spring DispatcherServlet 'dispatcherServlet'
2019-12-14 01:15:13.663  INFO 16304 --- [http-nio-8080-exec-1] o.s.web.servlet.DispatcherServlet        : Initializing Servlet 'dispatcherServlet'
2019-12-14 01:15:13.673  INFO 16304 --- [http-nio-8080-exec-1] o.s.web.servlet.DispatcherServlet        : Completed initialization in 10 ms
2019-12-14 01:15:13.780  INFO 16304 --- [http-nio-8080-exec-1] c.e.demo.controllers.UserController      : User name set with shashank
2019-12-14 01:15:13.952  INFO 16304 --- [http-nio-8080-exec-1] c.e.demo.controllers.UserController      : User shashank is successfully created
2019-12-14 01:37:11.483  INFO 2692 --- [main] com.example.demo.SareetaApplication      : Starting SareetaApplication on shasagar-WX-1 with PID 2692 (started by shasagar in C:\Users\shasagar\personal\java-nonodegree\jdnd-ecommerce\JDND\projects\P04-eCommerce Application\starter_code)
2019-12-14 01:37:11.488  INFO 2692 --- [main] com.example.demo.SareetaApplication      : No active profile set, falling back to default profiles: default
2019-12-14 01:37:13.033  INFO 2692 --- [main] .s.d.r.c.RepositoryConfigurationDelegate : Bootstrapping Spring Data repositories in DEFAULT mode.
2019-12-14 01:37:13.868  INFO 2692 --- [main] .s.d.r.c.RepositoryConfigurationDelegate : Finished Spring Data repository scanning in 682ms. Found 4 repository interfaces.
2019-12-14 01:37:14.734  INFO 2692 --- [main] trationDelegate$BeanPostProcessorChecker : Bean 'org.springframework.transaction.annotation.ProxyTransactionManagementConfiguration' of type [org.springframework.transaction.annotation.ProxyTransactionManagementConfiguration$$EnhancerBySpringCGLIB$$21858b99] is not eligible for getting processed by all BeanPostProcessors (for example: not eligible for auto-proxying)
2019-12-14 01:37:15.417  INFO 2692 --- [main] o.s.b.w.embedded.tomcat.TomcatWebServer  : Tomcat initialized with port(s): 8080 (http)
2019-12-14 01:37:15.456  INFO 2692 --- [main] o.apache.catalina.core.StandardService   : Starting service [Tomcat]
2019-12-14 01:37:15.456  INFO 2692 --- [main] org.apache.catalina.core.StandardEngine  : Starting Servlet engine: [Apache Tomcat/9.0.19]
2019-12-14 01:37:15.667  INFO 2692 --- [main] o.a.c.c.C.[Tomcat].[localhost].[/]       : Initializing Spring embedded WebApplicationContext
2019-12-14 01:37:15.668  INFO 2692 --- [main] o.s.web.context.ContextLoader            : Root WebApplicationContext: initialization completed in 4030 ms
2019-12-14 01:37:16.021  INFO 2692 --- [main] com.zaxxer.hikari.HikariDataSource       : HikariPool-1 - Starting...
2019-12-14 01:37:16.207  INFO 2692 --- [main] com.zaxxer.hikari.HikariDataSource       : HikariPool-1 - Start completed.
2019-12-14 01:37:16.292  INFO 2692 --- [main] o.hibernate.jpa.internal.util.LogHelper  : HHH000204: Processing PersistenceUnitInfo [
	name: default
	...]
2019-12-14 01:37:16.374  INFO 2692 --- [main] org.hibernate.Version                    : HHH000412: Hibernate Core {5.3.10.Final}
2019-12-14 01:37:16.376  INFO 2692 --- [main] org.hibernate.cfg.Environment            : HHH000206: hibernate.properties not found
2019-12-14 01:37:16.568  INFO 2692 --- [main] o.hibernate.annotations.common.Version   : HCANN000001: Hibernate Commons Annotations {5.0.4.Final}
2019-12-14 01:37:16.763  INFO 2692 --- [main] org.hibernate.dialect.Dialect            : HHH000400: Using dialect: org.hibernate.dialect.H2Dialect
2019-12-14 01:37:17.687  INFO 2692 --- [main] j.LocalContainerEntityManagerFactoryBean : Initialized JPA EntityManagerFactory for persistence unit 'default'
2019-12-14 01:37:18.690  INFO 2692 --- [main] o.s.s.web.DefaultSecurityFilterChain     : Creating filter chain: any request, [org.springframework.security.web.context.request.async.WebAsyncManagerIntegrationFilter@754de353, org.springframework.security.web.context.SecurityContextPersistenceFilter@2fc7fa6e, org.springframework.security.web.header.HeaderWriterFilter@67a8bcbb, org.springframework.web.filter.CorsFilter@ee2ae9a, org.springframework.security.web.authentication.logout.LogoutFilter@994544, com.example.demo.security.JWTAuthenticationFilter@58b97c15, com.example.demo.security.JWTAuthenticationVerificationFilter@26994c6a, org.springframework.security.web.savedrequest.RequestCacheAwareFilter@273dec10, org.springframework.security.web.servletapi.SecurityContextHolderAwareRequestFilter@1d944fc0, org.springframework.security.web.authentication.AnonymousAuthenticationFilter@3cd46491, org.springframework.security.web.session.SessionManagementFilter@26ffd2c0, org.springframework.security.web.access.ExceptionTranslationFilter@6f0a4e30, org.springframework.security.web.access.intercept.FilterSecurityInterceptor@6cd45b6c]
2019-12-14 01:37:18.878  INFO 2692 --- [main] o.s.s.concurrent.ThreadPoolTaskExecutor  : Initializing ExecutorService 'applicationTaskExecutor'
2019-12-14 01:37:18.991  WARN 2692 --- [main] aWebConfiguration$JpaWebMvcConfiguration : spring.jpa.open-in-view is enabled by default. Therefore, database queries may be performed during view rendering. Explicitly configure spring.jpa.open-in-view to disable this warning
2019-12-14 01:37:19.301  INFO 2692 --- [main] o.s.b.w.embedded.tomcat.TomcatWebServer  : Tomcat started on port(s): 8080 (http) with context path ''
2019-12-14 01:37:19.304  INFO 2692 --- [main] com.example.demo.SareetaApplication      : Started SareetaApplication in 8.523 seconds (JVM running for 9.674)
2019-12-14 01:37:40.260  INFO 2692 --- [http-nio-8080-exec-1] o.a.c.c.C.[Tomcat].[localhost].[/]       : Initializing Spring DispatcherServlet 'dispatcherServlet'
2019-12-14 01:37:40.260  INFO 2692 --- [http-nio-8080-exec-1] o.s.web.servlet.DispatcherServlet        : Initializing Servlet 'dispatcherServlet'
2019-12-14 01:37:40.272  INFO 2692 --- [http-nio-8080-exec-1] o.s.web.servlet.DispatcherServlet        : Completed initialization in 12 ms
2019-12-14 01:37:40.392  INFO 2692 --- [http-nio-8080-exec-1] c.e.demo.controllers.UserController      : User name set with shashank
2019-12-14 01:37:40.551  INFO 2692 --- [http-nio-8080-exec-1] c.e.demo.controllers.UserController      : User shashank is successfully created
